This is pdfTeX, Version 3.141592653-2.6-1.40.25 (TeX Live 2023/Debian) (preloaded format=pdflatex 2025.11.19)  29 NOV 2025 23:48
entering extended mode
 restricted \write18 enabled.
 file:line:error style messages enabled.
 %&-line parsing enabled.
**"/home/catarina/Downloads/Mapeamento_de_Perfis_de_Mulheres_com_Foco_na_Escolha_por_Carreiras_em_STEM (2)/main.tex"
(/home/catarina/Downloads/Mapeamento_de_Perfis_de_Mulheres_com_Foco_na_Escolha_por_Carreiras_em_STEM (2)/main.tex
LaTeX2e <2023-11-01> patch level 1
L3 programming layer <2024-01-22>
(/usr/share/texlive/texmf-dist/tex/latex/base/report.cls
Document Class: report 2023/05/17 v1.4n Standard LaTeX document class
(/usr/share/texlive/texmf-dist/tex/latex/base/size12.clo
File: size12.clo 2023/05/17 v1.4n Standard LaTeX file (size option)
)
\c@part=\count187
\c@chapter=\count188
\c@section=\count189
\c@subsection=\count190
\c@subsubsection=\count191
\c@paragraph=\count192
\c@subparagraph=\count193
\c@figure=\count194
\c@table=\count195
\abovecaptionskip=\skip48
\belowcaptionskip=\skip49
\bibindent=\dimen140
) (/usr/share/texlive/texmf-dist/tex/generic/babel/babel.sty
Package: babel 2024/01/07 v24.1 The Babel package
\babel@savecnt=\count196
\U@D=\dimen141
\l@unhyphenated=\language89
 (/usr/share/texlive/texmf-dist/tex/generic/babel/txtbabel.def)
\bbl@readstream=\read2
\bbl@dirlevel=\count197
 (/usr/share/texlive/texmf-dist/tex/generic/babel-portuges/brazil.ldf
Language: portuges 2021/07/09 v1.2t Portuguese support from the babel system
Package babel Info: Hyphen rules for 'brazil' set to \l@portuguese
(babel)             (\language83). Reported on input line 111.
Package babel Info: Making " an active character on input line 143.
)) (/usr/share/texlive/texmf-dist/tex/latex/base/inputenc.sty
Package: inputenc 2021/02/14 v1.3d Input encoding file
\inpenc@prehook=\toks17
\inpenc@posthook=\toks18
) (/usr/share/texlive/texmf-dist/tex/latex/base/fontenc.sty
Package: fontenc 2021/04/29 v2.0v Standard LaTeX package
) (/usr/share/texlive/texmf-dist/tex/latex/amsmath/amsmath.sty
Package: amsmath 2023/05/13 v2.17o AMS math features
\@mathmargin=\skip50

For additional information on amsmath, use the `?' option.
(/usr/share/texlive/texmf-dist/tex/latex/amsmath/amstext.sty
Package: amstext 2021/08/26 v2.01 AMS text
 (/usr/share/texlive/texmf-dist/tex/latex/amsmath/amsgen.sty
File: amsgen.sty 1999/11/30 v2.0 generic functions
\@emptytoks=\toks19
\ex@=\dimen142
)) (/usr/share/texlive/texmf-dist/tex/latex/amsmath/amsbsy.sty
Package: amsbsy 1999/11/29 v1.2d Bold Symbols
\pmbraise@=\dimen143
) (/usr/share/texlive/texmf-dist/tex/latex/amsmath/amsopn.sty
Package: amsopn 2022/04/08 v2.04 operator names
)
\inf@bad=\count198
LaTeX Info: Redefining \frac on input line 234.
\uproot@=\count199
\leftroot@=\count266
LaTeX Info: Redefining \overline on input line 399.
LaTeX Info: Redefining \colon on input line 410.
\classnum@=\count267
\DOTSCASE@=\count268
LaTeX Info: Redefining \ldots on input line 496.
LaTeX Info: Redefining \dots on input line 499.
LaTeX Info: Redefining \cdots on input line 620.
\Mathstrutbox@=\box51
\strutbox@=\box52
LaTeX Info: Redefining \big on input line 722.
LaTeX Info: Redefining \Big on input line 723.
LaTeX Info: Redefining \bigg on input line 724.
LaTeX Info: Redefining \Bigg on input line 725.
\big@size=\dimen144
LaTeX Font Info:    Redeclaring font encoding OML on input line 743.
LaTeX Font Info:    Redeclaring font encoding OMS on input line 744.
\macc@depth=\count269
LaTeX Info: Redefining \bmod on input line 905.
LaTeX Info: Redefining \pmod on input line 910.
LaTeX Info: Redefining \smash on input line 940.
LaTeX Info: Redefining \relbar on input line 970.
LaTeX Info: Redefining \Relbar on input line 971.
\c@MaxMatrixCols=\count270
\dotsspace@=\muskip16
\c@parentequation=\count271
\dspbrk@lvl=\count272
\tag@help=\toks20
\row@=\count273
\column@=\count274
\maxfields@=\count275
\andhelp@=\toks21
\eqnshift@=\dimen145
\alignsep@=\dimen146
\tagshift@=\dimen147
\tagwidth@=\dimen148
\totwidth@=\dimen149
\lineht@=\dimen150
\@envbody=\toks22
\multlinegap=\skip51
\multlinetaggap=\skip52
\mathdisplay@stack=\toks23
LaTeX Info: Redefining \[ on input line 2953.
LaTeX Info: Redefining \] on input line 2954.
) (/usr/share/texlive/texmf-dist/tex/latex/amsfonts/amssymb.sty
Package: amssymb 2013/01/14 v3.01 AMS font symbols
 (/usr/share/texlive/texmf-dist/tex/latex/amsfonts/amsfonts.sty
Package: amsfonts 2013/01/14 v3.01 Basic AMSFonts support
\symAMSa=\mathgroup4
\symAMSb=\mathgroup5
LaTeX Font Info:    Redeclaring math symbol \hbar on input line 98.
LaTeX Font Info:    Overwriting math alphabet `\mathfrak' in version `bold'
(Font)                  U/euf/m/n --> U/euf/b/n on input line 106.
)) (/usr/share/texlive/texmf-dist/tex/latex/graphics/graphicx.sty
Package: graphicx 2021/09/16 v1.2d Enhanced LaTeX Graphics (DPC,SPQR)
 (/usr/share/texlive/texmf-dist/tex/latex/graphics/keyval.sty
Package: keyval 2022/05/29 v1.15 key=value parser (DPC)
\KV@toks@=\toks24
) (/usr/share/texlive/texmf-dist/tex/latex/graphics/graphics.sty
Package: graphics 2022/03/10 v1.4e Standard LaTeX Graphics (DPC,SPQR)
 (/usr/share/texlive/texmf-dist/tex/latex/graphics/trig.sty
Package: trig 2021/08/11 v1.11 sin cos tan (DPC)
) (/usr/share/texlive/texmf-dist/tex/latex/graphics-cfg/graphics.cfg
File: graphics.cfg 2016/06/04 v1.11 sample graphics configuration
)
Package graphics Info: Driver file: pdftex.def on input line 107.
 (/usr/share/texlive/texmf-dist/tex/latex/graphics-def/pdftex.def
File: pdftex.def 2022/09/22 v1.2b Graphics/color driver for pdftex
))
\Gin@req@height=\dimen151
\Gin@req@width=\dimen152
) (/usr/share/texlive/texmf-dist/tex/latex/float/float.sty
Package: float 2001/11/08 v1.3d Float enhancements (AL)
\c@float@type=\count276
\float@exts=\toks25
\float@box=\box53
\@float@everytoks=\toks26
\@floatcapt=\box54
) (/usr/share/texlive/texmf-dist/tex/latex/url/url.sty
\Urlmuskip=\muskip17
Package: url 2013/09/16  ver 3.4  Verb mode for urls, etc.
) (/usr/share/texlive/texmf-dist/tex/latex/caption/caption.sty
Package: caption 2023/08/05 v3.6o Customizing captions (AR)
 (/usr/share/texlive/texmf-dist/tex/latex/caption/caption3.sty
Package: caption3 2023/07/31 v2.4d caption3 kernel (AR)
\caption@tempdima=\dimen153
\captionmargin=\dimen154
\caption@leftmargin=\dimen155
\caption@rightmargin=\dimen156
\caption@width=\dimen157
\caption@indent=\dimen158
\caption@parindent=\dimen159
\caption@hangindent=\dimen160
Package caption Info: Standard document class detected.
)
\c@caption@flags=\count277
\c@continuedfloat=\count278
Package caption Info: float package is loaded.
) (/usr/share/texlive/texmf-dist/tex/latex/caption/subcaption.sty
Package: subcaption 2023/07/28 v1.6b Sub-captions (AR)
Package caption Info: New subtype `subfigure' on input line 238.
\c@subfigure=\count279
Package caption Info: New subtype `subtable' on input line 238.
\c@subtable=\count280
) (/usr/share/texlive/texmf-dist/tex/latex/enumitem/enumitem.sty
Package: enumitem 2019/06/20 v3.9 Customized lists
\labelindent=\skip53
\enit@outerparindent=\dimen161
\enit@toks=\toks27
\enit@inbox=\box55
\enit@count@id=\count281
\enitdp@description=\count282
) (/usr/share/texlive/texmf-dist/tex/latex/tools/indentfirst.sty
Package: indentfirst 2023/07/02 v1.03 Indent first paragraph (DPC)
) (/usr/share/texlive/texmf-dist/tex/latex/ragged2e/ragged2e.sty
Package: ragged2e 2023/06/22 v3.6 ragged2e Package
\CenteringLeftskip=\skip54
\RaggedLeftLeftskip=\skip55
\RaggedRightLeftskip=\skip56
\CenteringRightskip=\skip57
\RaggedLeftRightskip=\skip58
\RaggedRightRightskip=\skip59
\CenteringParfillskip=\skip60
\RaggedLeftParfillskip=\skip61
\RaggedRightParfillskip=\skip62
\JustifyingParfillskip=\skip63
\CenteringParindent=\skip64
\RaggedLeftParindent=\skip65
\RaggedRightParindent=\skip66
\JustifyingParindent=\skip67
) (/usr/share/texlive/texmf-dist/tex/latex/setspace/setspace.sty
Package: setspace 2022/12/04 v6.7b set line spacing
) (/usr/share/texlive/texmf-dist/tex/latex/tools/array.sty
Package: array 2023/10/16 v2.5g Tabular extension package (FMi)
\col@sep=\dimen162
\ar@mcellbox=\box56
\extrarowheight=\dimen163
\NC@list=\toks28
\extratabsurround=\skip68
\backup@length=\skip69
\ar@cellbox=\box57
) (/usr/share/texlive/texmf-dist/tex/latex/geometry/geometry.sty
Package: geometry 2020/01/02 v5.9 Page Geometry
 (/usr/share/texlive/texmf-dist/tex/generic/iftex/ifvtex.sty
Package: ifvtex 2019/10/25 v1.7 ifvtex legacy package. Use iftex instead.
 (/usr/share/texlive/texmf-dist/tex/generic/iftex/iftex.sty
Package: iftex 2022/02/03 v1.0f TeX engine tests
))
\Gm@cnth=\count283
\Gm@cntv=\count284
\c@Gm@tempcnt=\count285
\Gm@bindingoffset=\dimen164
\Gm@wd@mp=\dimen165
\Gm@odd@mp=\dimen166
\Gm@even@mp=\dimen167
\Gm@layoutwidth=\dimen168
\Gm@layoutheight=\dimen169
\Gm@layouthoffset=\dimen170
\Gm@layoutvoffset=\dimen171
\Gm@dimlist=\toks29
) (/usr/share/texlive/texmf-dist/tex/latex/hyperref/hyperref.sty
Package: hyperref 2024-01-20 v7.01h Hypertext links for LaTeX
 (/usr/share/texlive/texmf-dist/tex/latex/kvsetkeys/kvsetkeys.sty
Package: kvsetkeys 2022-10-05 v1.19 Key value parser (HO)
) (/usr/share/texlive/texmf-dist/tex/generic/kvdefinekeys/kvdefinekeys.sty
Package: kvdefinekeys 2019-12-19 v1.6 Define keys (HO)
) (/usr/share/texlive/texmf-dist/tex/generic/pdfescape/pdfescape.sty
Package: pdfescape 2019/12/09 v1.15 Implements pdfTeX's escape features (HO)
 (/usr/share/texlive/texmf-dist/tex/generic/ltxcmds/ltxcmds.sty
Package: ltxcmds 2023-12-04 v1.26 LaTeX kernel commands for general use (HO)
) (/usr/share/texlive/texmf-dist/tex/generic/pdftexcmds/pdftexcmds.sty
Package: pdftexcmds 2020-06-27 v0.33 Utility functions of pdfTeX for LuaTeX (HO)
 (/usr/share/texlive/texmf-dist/tex/generic/infwarerr/infwarerr.sty
Package: infwarerr 2019/12/03 v1.5 Providing info/warning/error messages (HO)
)
Package pdftexcmds Info: \pdf@primitive is available.
Package pdftexcmds Info: \pdf@ifprimitive is available.
Package pdftexcmds Info: \pdfdraftmode found.
)) (/usr/share/texlive/texmf-dist/tex/latex/hycolor/hycolor.sty
Package: hycolor 2020-01-27 v1.10 Color options for hyperref/bookmark (HO)
) (/usr/share/texlive/texmf-dist/tex/latex/auxhook/auxhook.sty
Package: auxhook 2019-12-17 v1.6 Hooks for auxiliary files (HO)
) (/usr/share/texlive/texmf-dist/tex/latex/hyperref/nameref.sty
Package: nameref 2023-11-26 v2.56 Cross-referencing by name of section
 (/usr/share/texlive/texmf-dist/tex/latex/refcount/refcount.sty
Package: refcount 2019/12/15 v3.6 Data extraction from label references (HO)
) (/usr/share/texlive/texmf-dist/tex/generic/gettitlestring/gettitlestring.sty
Package: gettitlestring 2019/12/15 v1.6 Cleanup title references (HO)
 (/usr/share/texlive/texmf-dist/tex/latex/kvoptions/kvoptions.sty
Package: kvoptions 2022-06-15 v3.15 Key value format for package options (HO)
))
\c@section@level=\count286
) (/usr/share/texlive/texmf-dist/tex/latex/etoolbox/etoolbox.sty
Package: etoolbox 2020/10/05 v2.5k e-TeX tools for LaTeX (JAW)
\etb@tempcnta=\count287
)
\@linkdim=\dimen172
\Hy@linkcounter=\count288
\Hy@pagecounter=\count289
 (/usr/share/texlive/texmf-dist/tex/latex/hyperref/pd1enc.def
File: pd1enc.def 2024-01-20 v7.01h Hyperref: PDFDocEncoding definition (HO)
Now handling font encoding PD1 ...
... no UTF-8 mapping file for font encoding PD1
) (/usr/share/texlive/texmf-dist/tex/generic/intcalc/intcalc.sty
Package: intcalc 2019/12/15 v1.3 Expandable calculations with integers (HO)
)
\Hy@SavedSpaceFactor=\count290
 (/usr/share/texlive/texmf-dist/tex/latex/hyperref/puenc.def
File: puenc.def 2024-01-20 v7.01h Hyperref: PDF Unicode definition (HO)
Now handling font encoding PU ...
... no UTF-8 mapping file for font encoding PU
)
Package hyperref Info: Hyper figures OFF on input line 4179.
Package hyperref Info: Link nesting OFF on input line 4184.
Package hyperref Info: Hyper index ON on input line 4187.
Package hyperref Info: Plain pages OFF on input line 4194.
Package hyperref Info: Backreferencing OFF on input line 4199.
Package hyperref Info: Implicit mode ON; LaTeX internals redefined.
Package hyperref Info: Bookmarks ON on input line 4446.
\c@Hy@tempcnt=\count291
LaTeX Info: Redefining \url on input line 4784.
\XeTeXLinkMargin=\dimen173
 (/usr/share/texlive/texmf-dist/tex/generic/bitset/bitset.sty
Package: bitset 2019/12/09 v1.3 Handle bit-vector datatype (HO)
 (/usr/share/texlive/texmf-dist/tex/generic/bigintcalc/bigintcalc.sty
Package: bigintcalc 2019/12/15 v1.5 Expandable calculations on big integers (HO)
))
\Fld@menulength=\count292
\Field@Width=\dimen174
\Fld@charsize=\dimen175
Package hyperref Info: Hyper figures OFF on input line 6063.
Package hyperref Info: Link nesting OFF on input line 6068.
Package hyperref Info: Hyper index ON on input line 6071.
Package hyperref Info: backreferencing OFF on input line 6078.
Package hyperref Info: Link coloring OFF on input line 6083.
Package hyperref Info: Link coloring with OCG OFF on input line 6088.
Package hyperref Info: PDF/A mode OFF on input line 6093.
 (/usr/share/texlive/texmf-dist/tex/latex/base/atbegshi-ltx.sty
Package: atbegshi-ltx 2021/01/10 v1.0c Emulation of the original atbegshi
package with kernel methods
)
\Hy@abspage=\count293
\c@Item=\count294
\c@Hfootnote=\count295
)
Package hyperref Info: Driver (autodetected): hpdftex.
 (/usr/share/texlive/texmf-dist/tex/latex/hyperref/hpdftex.def
File: hpdftex.def 2024-01-20 v7.01h Hyperref driver for pdfTeX
 (/usr/share/texlive/texmf-dist/tex/latex/base/atveryend-ltx.sty
Package: atveryend-ltx 2020/08/19 v1.0a Emulation of the original atveryend package
with kernel methods
)
\Fld@listcount=\count296
\c@bookmark@seq@number=\count297
 (/usr/share/texlive/texmf-dist/tex/latex/rerunfilecheck/rerunfilecheck.sty
Package: rerunfilecheck 2022-07-10 v1.10 Rerun checks for auxiliary files (HO)
 (/usr/share/texlive/texmf-dist/tex/generic/uniquecounter/uniquecounter.sty
Package: uniquecounter 2019/12/15 v1.4 Provide unlimited unique counter (HO)
)
Package uniquecounter Info: New unique counter `rerunfilecheck' on input line 285.
)
\Hy@SectionHShift=\skip70
) (/usr/share/texlive/texmf-dist/tex/latex/abntex2/abntex2cite.sty
Package: abntex2cite 2018/11/24 v-1.9.7 abnTeX2
 (/usr/share/texlive/texmf-dist/tex/latex/base/ifthen.sty
Package: ifthen 2022/04/13 v1.1d Standard LaTeX ifthen package (DPC)
) (/usr/share/texlive/texmf-dist/tex/latex/tools/calc.sty
Package: calc 2023/07/08 v4.3 Infix arithmetic (KKT,FJ)
\calc@Acount=\count298
\calc@Bcount=\count299
\calc@Adimen=\dimen176
\calc@Bdimen=\dimen177
\calc@Askip=\skip71
\calc@Bskip=\skip72
LaTeX Info: Redefining \setlength on input line 80.
LaTeX Info: Redefining \addtolength on input line 81.
\calc@Ccount=\count300
\calc@Cskip=\skip73
) (/usr/share/texlive/texmf-dist/tex/latex/abntex2/abntex2abrev.sty)
\minimumbiblabelwidth=\skip74
\ABCIauxlen=\skip75
\c@ABCIaux=\count301
\c@ABCImax=\count302
 (/usr/share/texlive/texmf-dist/tex/generic/iftex/ifpdf.sty
Package: ifpdf 2019/10/25 v3.4 ifpdf legacy package. Use iftex instead.
) (/usr/share/texlive/texmf-dist/tex/generic/iftex/ifxetex.sty
Package: ifxetex 2019/10/25 v0.7 ifxetex legacy package. Use iftex instead.
) (/usr/share/texlive/texmf-dist/tex/latex/relsize/relsize.sty
Package: relsize 2013/03/29 ver 4.1
)
\biblabelsep=\skip76
LaTeX Info: Redefining \newblock on input line 591.
LaTeX Info: Redefining \cite on input line 618.
\ABCItoken=\toks30
) (/usr/share/texlive/texmf-dist/tex/latex/comment/comment.sty
\CommentStream=\write3
 Excluding comment 'comment') (/usr/share/texlive/texmf-dist/tex/latex/tools/longtable.sty
Package: longtable 2023-11-01 v4.19 Multi-page Table package (DPC)
\LTleft=\skip77
\LTright=\skip78
\LTpre=\skip79
\LTpost=\skip80
\LTchunksize=\count303
\LTcapwidth=\dimen178
\LT@head=\box58
\LT@firsthead=\box59
\LT@foot=\box60
\LT@lastfoot=\box61
\LT@gbox=\box62
\LT@cols=\count304
\LT@rows=\count305
\c@LT@tables=\count306
\c@LT@chunks=\count307
\LT@p@ftn=\toks31
) (/usr/share/texlive/texmf-dist/tex/latex/l3backend/l3backend-pdftex.def
File: l3backend-pdftex.def 2024-01-04 L3 backend support: PDF output (pdfTeX)
\l__color_backend_stack_int=\count308
\l__pdf_internal_box=\box63
) (./main.aux)
\openout1 = `main.aux'.

LaTeX Font Info:    Checking defaults for OML/cmm/m/it on input line 36.
LaTeX Font Info:    ... okay on input line 36.
LaTeX Font Info:    Checking defaults for OMS/cmsy/m/n on input line 36.
LaTeX Font Info:    ... okay on input line 36.
LaTeX Font Info:    Checking defaults for OT1/cmr/m/n on input line 36.
LaTeX Font Info:    ... okay on input line 36.
LaTeX Font Info:    Checking defaults for T1/cmr/m/n on input line 36.
LaTeX Font Info:    ... okay on input line 36.
LaTeX Font Info:    Checking defaults for TS1/cmr/m/n on input line 36.
LaTeX Font Info:    ... okay on input line 36.
LaTeX Font Info:    Checking defaults for OMX/cmex/m/n on input line 36.
LaTeX Font Info:    ... okay on input line 36.
LaTeX Font Info:    Checking defaults for U/cmr/m/n on input line 36.
LaTeX Font Info:    ... okay on input line 36.
LaTeX Font Info:    Checking defaults for PD1/pdf/m/n on input line 36.
LaTeX Font Info:    ... okay on input line 36.
LaTeX Font Info:    Checking defaults for PU/pdf/m/n on input line 36.
LaTeX Font Info:    ... okay on input line 36.
 (/usr/share/texlive/texmf-dist/tex/context/base/mkii/supp-pdf.mkii
[Loading MPS to PDF converter (version 2006.09.02).]
\scratchcounter=\count309
\scratchdimen=\dimen179
\scratchbox=\box64
\nofMPsegments=\count310
\nofMParguments=\count311
\everyMPshowfont=\toks32
\MPscratchCnt=\count312
\MPscratchDim=\dimen180
\MPnumerator=\count313
\makeMPintoPDFobject=\count314
\everyMPtoPDFconversion=\toks33
) (/usr/share/texlive/texmf-dist/tex/latex/epstopdf-pkg/epstopdf-base.sty
Package: epstopdf-base 2020-01-24 v2.11 Base part for package epstopdf
Package epstopdf-base Info: Redefining graphics rule for `.eps' on input line 485.
 (/usr/share/texlive/texmf-dist/tex/latex/latexconfig/epstopdf-sys.cfg
File: epstopdf-sys.cfg 2010/07/13 v1.3 Configuration of (r)epstopdf for TeX Live
))
Package caption Info: Begin \AtBeginDocument code.
Package caption Info: hyperref package is loaded.
Package caption Info: longtable package is loaded.
 (/usr/share/texlive/texmf-dist/tex/latex/caption/ltcaption.sty
Package: ltcaption 2021/01/08 v1.4c longtable captions (AR)
)
Package caption Info: End \AtBeginDocument code.

*geometry* driver: auto-detecting
*geometry* detected driver: pdftex
*geometry* verbose mode - [ preamble ] result:
* driver: pdftex
* paper: a4paper
* layout: <same size as paper>
* layoutoffset:(h,v)=(0.0pt,0.0pt)
* modes: 
* h-part:(L,W,R)=(85.35826pt, 441.01773pt, 71.13188pt)
* v-part:(T,H,B)=(85.35826pt, 688.5567pt, 71.13188pt)
* \paperwidth=597.50787pt
* \paperheight=845.04684pt
* \textwidth=441.01773pt
* \textheight=688.5567pt
* \oddsidemargin=13.08827pt
* \evensidemargin=13.08827pt
* \topmargin=-23.91173pt
* \headheight=12.0pt
* \headsep=25.0pt
* \topskip=12.0pt
* \footskip=30.0pt
* \marginparwidth=35.0pt
* \marginparsep=10.0pt
* \columnsep=10.0pt
* \skip\footins=10.8pt plus 4.0pt minus 2.0pt
* \hoffset=0.0pt
* \voffset=0.0pt
* \mag=1000
* \@twocolumnfalse
* \@twosidefalse
* \@mparswitchfalse
* \@reversemarginfalse
* (1in=72.27pt=25.4mm, 1cm=28.453pt)

Package hyperref Info: Link coloring OFF on input line 36.
(./main.out) (./main.out)
\@outlinefile=\write4
\openout4 = `main.out'.

 [1

{/var/lib/texmf/fonts/map/pdftex/updmap/pdftex.map}{/usr/share/texmf/fonts/enc/dvips/cm-super/cm-super-t1.enc}] (./main.toc
LaTeX Font Info:    Trying to load font information for U+msa on input line 3.
 (/usr/share/texlive/texmf-dist/tex/latex/amsfonts/umsa.fd
File: umsa.fd 2013/01/14 v3.01 AMS symbols A
)
LaTeX Font Info:    Trying to load font information for U+msb on input line 3.
 (/usr/share/texlive/texmf-dist/tex/latex/amsfonts/umsb.fd
File: umsb.fd 2013/01/14 v3.01 AMS symbols B
))
\tf@toc=\write5
\openout5 = `main.toc'.


pdfTeX warning (ext4): destination with the same identifier (name{page.1}) has been already used, duplicate ignored
<to be read again> 
                   \relax 
l.58 \newpage
              [1

]
Cap\'{\i }tulo 1.
[2

] [3] [4{/usr/share/texmf/fonts/enc/dvips/cm-super/cm-super-ts1.enc}] [5]
Cap\'{\i }tulo 2.
[6

] [7] [8] [9] [10] Excluding 'comment' comment.
Overfull \hbox (4.35973pt too wide) in paragraph at lines 181--181
[]\T1/cmr/bx/n/17.28 Técnicas de Agru-pa-mento como Es-tra-té-gia de Ma-
 []

[11]
Overfull \hbox (3.11061pt too wide) in paragraph at lines 191--196
\T1/cmr/m/n/12 TRA-BA-LHO. EX-PLI-CAR A TÉC-NICA UTI-LI-ZADA PARA A ES-CO-LHA DA QUAN-
 []

[12] [13] [14] Excluding 'comment' comment.
Overfull \hbox (3.14774pt too wide) in alignment at lines 309--315
 [] [] 
 []


Overfull \hbox (3.14774pt too wide) in alignment at lines 315--319
 [] [] 
 []


Underfull \hbox (badness 10000) in paragraph at lines 326--326
[]\T1/cmr/m/n/12 Master, Melt-zoff e
 []


Underfull \hbox (badness 10000) in paragraph at lines 341--341
[]|[]\T1/cmr/m/n/12 Zúñiga-Mejías e Huin-
 []


Underfull \hbox (badness 10000) in paragraph at lines 344--344
[]|[]\T1/cmr/m/n/12 Tellhed, Björ-klund e
 []


Underfull \hbox (badness 10000) in paragraph at lines 347--347
[]|[]\T1/cmr/m/n/12 Su, Putka e Rounds[]
 []


Underfull \hbox (badness 10000) in paragraph at lines 362--362
[]|[]\T1/cmr/m/n/12 Dulce-Salcedo, Mal-do-
 []


Overfull \hbox (3.14774pt too wide) in alignment at lines 319--368
 [] [] 
 []

[15] [16] [17] [18]
Cap\'{\i }tulo 3.

Overfull \hbox (2.43639pt too wide) in paragraph at lines 408--409
[]\T1/cmr/m/n/12 Antes da aná-lise, os da-dos co-le-ta-dos pas-sa-rão por um pro-cesso de pré-processamento,
 []

[19

] [20] [21]
Cap\'{\i }tulo 4.
<graficos_exploratoria/grafico_gender.png, id=376, 715.473pt x 354.123pt>
File: graficos_exploratoria/grafico_gender.png Graphic file (type png)
<use graficos_exploratoria/grafico_gender.png>
Package pdftex.def Info: graficos_exploratoria/grafico_gender.png  used on input line 450.
(pdftex.def)             Requested size: 396.91325pt x 196.44872pt.
<graficos_exploratoria/grafico_coursename.png, id=378, 715.473pt x 354.6048pt>
File: graficos_exploratoria/grafico_coursename.png Graphic file (type png)
<use graficos_exploratoria/grafico_coursename.png>
Package pdftex.def Info: graficos_exploratoria/grafico_coursename.png  used on input line 457.
(pdftex.def)             Requested size: 396.91325pt x 196.71599pt.

LaTeX Warning: `!h' float specifier changed to `!ht'.

<graficos_exploratoria/grafico_courseareageneral.png, id=379, 715.473pt x 353.8821pt>
File: graficos_exploratoria/grafico_courseareageneral.png Graphic file (type png)
<use graficos_exploratoria/grafico_courseareageneral.png>
Package pdftex.def Info: graficos_exploratoria/grafico_courseareageneral.png  used on input line 464.
(pdftex.def)             Requested size: 396.91325pt x 196.31508pt.

LaTeX Warning: `!h' float specifier changed to `!ht'.


Overfull \hbox (11.18529pt too wide) in alignment at lines 474--479
 [] [] [] [] [] 
 []


Overfull \hbox (11.18529pt too wide) in alignment at lines 479--484
 [] [] [] [] [] 
 []


Underfull \hbox (badness 10000) in paragraph at lines 487--488
[]|\T1/cmr/m/n/12 Seleção
 []


Underfull \hbox (badness 4441) in paragraph at lines 488--489
[]|\T1/cmr/m/n/12 Masculino; Fe-
 []


Underfull \hbox (badness 10000) in paragraph at lines 493--494
[]|\T1/cmr/m/n/12 Seleção
 []


Overfull \hbox (19.84235pt too wide) in paragraph at lines 495--496
[]|\T1/cmr/m/n/12 universityType|  
 []


Underfull \hbox (badness 10000) in paragraph at lines 499--500
[]|\T1/cmr/m/n/12 Seleção
 []


Underfull \hbox (badness 2111) in paragraph at lines 500--501
[]|\T1/cmr/m/n/12 Exatas; Hu-ma-
 []


Underfull \hbox (badness 1043) in paragraph at lines 500--501
\T1/cmr/m/n/12 nas; Bi-o-ló-gi-cas;
 []


Overfull \hbox (39.49736pt too wide) in paragraph at lines 501--502
[]|\T1/cmr/m/n/12 courseAreaGeneral|  
 []


Overfull \hbox (4.82803pt too wide) in paragraph at lines 507--508
[]|\T1/cmr/m/n/12 courseName|  
 []


Underfull \hbox (badness 10000) in paragraph at lines 511--512
[]|\T1/cmr/m/n/12 Seleção
 []


Underfull \hbox (badness 2027) in paragraph at lines 512--513
[]|\T1/cmr/m/n/12 Fund. in-com-
 []


Underfull \hbox (badness 10000) in paragraph at lines 512--513
\T1/cmr/m/n/12 pleto; Fund.
 []


Underfull \hbox (badness 6708) in paragraph at lines 512--513
\T1/cmr/m/n/12 com-pleto; Mé-
 []


Underfull \hbox (badness 10000) in paragraph at lines 512--513
\T1/cmr/m/n/12 dio; Su-pe-rior;
 []


Overfull \hbox (33.05583pt too wide) in paragraph at lines 513--514
[]|\T1/cmr/m/n/12 parentsEducation|  
 []


Underfull \hbox (badness 10000) in paragraph at lines 517--518
[]|\T1/cmr/m/n/12 Seleção
 []


Overfull \hbox (1.1094pt too wide) in paragraph at lines 518--519
[]|\T1/cmr/m/n/12 Pública/Pública;
 []


Underfull \hbox (badness 10000) in paragraph at lines 518--519
\T1/cmr/m/n/12 Pri-
 []


Underfull \hbox (badness 10000) in paragraph at lines 518--519
\T1/cmr/m/n/12 vada/Privada;
 []


Underfull \hbox (badness 10000) in paragraph at lines 518--519
\T1/cmr/m/n/12 Pú-
 []


Underfull \hbox (badness 10000) in paragraph at lines 518--519
\T1/cmr/m/n/12 blica/Privada;
 []


Overfull \hbox (28.32635pt too wide) in paragraph at lines 519--520
[]|\T1/cmr/m/n/12 basicSchoolType|  
 []


Underfull \hbox (badness 10000) in paragraph at lines 523--524
[]|\T1/cmr/m/n/12 Seleção
 []


Overfull \hbox (60.62682pt too wide) in paragraph at lines 525--526
[]|\T1/cmr/m/n/12 childhoodHobbiesTime|  
 []


Underfull \hbox (badness 10000) in paragraph at lines 529--530
[]|\T1/cmr/m/n/12 Múltipla
 []


Underfull \hbox (badness 10000) in paragraph at lines 530--531
[]|\T1/cmr/m/n/12 Lista se-le-ci-o-
 []


Overfull \hbox (68.12769pt too wide) in paragraph at lines 531--532
[]|\T1/cmr/m/n/12 childhoodMainActivities|  
 []


Overfull \hbox (11.18529pt too wide) in alignment at lines 484--534
 [] [] [] [] [] 
 []

[22

 <./graficos_exploratoria/grafico_gender.png>] [23 <./graficos_exploratoria/grafico_coursename.png> <./graficos_exploratoria/grafico_courseareageneral.png>]
<geral_stem/shap_geral_gender_stem.png, id=396, 687.5286pt x 425.6703pt>
File: geral_stem/shap_geral_gender_stem.png Graphic file (type png)
<use geral_stem/shap_geral_gender_stem.png>
Package pdftex.def Info: geral_stem/shap_geral_gender_stem.png  used on input line 544.
(pdftex.def)             Requested size: 396.91325pt x 245.74579pt.


LaTeX Warning: `!h' float specifier changed to `!ht'.

<geral_stem/dendrograma_geral_gender_stem.png, id=397, 893.0163pt x 507.5763pt>
File: geral_stem/dendrograma_geral_gender_stem.png Graphic file (type png)
<use geral_stem/dendrograma_geral_gender_stem.png>
Package pdftex.def Info: geral_stem/dendrograma_geral_gender_stem.png  used on input line 551.
(pdftex.def)             Requested size: 396.91325pt x 225.59578pt.

LaTeX Warning: `!h' float specifier changed to `!ht'.

<geral_stem/cotovelo_geral_gender_stem.png, id=398, 363.2772pt x 339.4281pt>
File: geral_stem/cotovelo_geral_gender_stem.png Graphic file (type png)
<use geral_stem/cotovelo_geral_gender_stem.png>
Package pdftex.def Info: geral_stem/cotovelo_geral_gender_stem.png  used on input line 558.
(pdftex.def)             Requested size: 396.91325pt x 370.88084pt.

LaTeX Warning: `!h' float specifier changed to `!ht'.

<geral_stem/aranha_geral_gender_stem.png, id=399, 564.1878pt x 473.6094pt>
File: geral_stem/aranha_geral_gender_stem.png Graphic file (type png)
<use geral_stem/aranha_geral_gender_stem.png>
Package pdftex.def Info: geral_stem/aranha_geral_gender_stem.png  used on input line 565.
(pdftex.def)             Requested size: 396.91325pt x 333.20091pt.

LaTeX Warning: `!h' float specifier changed to `!ht'.

<feminino_stem/shap_feminino_future_stem.png, id=400, 688.0104pt x 425.6703pt>
File: feminino_stem/shap_feminino_future_stem.png Graphic file (type png)
<use feminino_stem/shap_feminino_future_stem.png>
Package pdftex.def Info: feminino_stem/shap_feminino_future_stem.png  used on input line 575.
(pdftex.def)             Requested size: 396.91325pt x 245.57042pt.

LaTeX Warning: `!h' float specifier changed to `!ht'.

<masculino_stem/shap_masculino_future_stem.png, id=401, 688.974pt x 425.6703pt>
File: masculino_stem/shap_masculino_future_stem.png Graphic file (type png)
<use masculino_stem/shap_masculino_future_stem.png>
Package pdftex.def Info: masculino_stem/shap_masculino_future_stem.png  used on input line 586.
(pdftex.def)             Requested size: 396.91325pt x 245.22617pt.

LaTeX Warning: `!h' float specifier changed to `!ht'.

[24] [25 <./geral_stem/shap_geral_gender_stem.png> <./geral_stem/dendrograma_geral_gender_stem.png>] [26 <./geral_stem/cotovelo_geral_gender_stem.png>] [27 <./geral_stem/aranha_geral_gender_stem.png> <./feminino_stem/shap_feminino_future_stem.png>] [28 <./masculino_stem/shap_masculino_future_stem.png>]
Cap\'{\i }tulo 5.
(./main.bbl [29

] [30

] [31]) [32] (./main.aux)
 ***********
LaTeX2e <2023-11-01> patch level 1
L3 programming layer <2024-01-22>
 ***********
Package rerunfilecheck Info: File `main.out' has not changed.
(rerunfilecheck)             Checksum: D864AF784F2A92A51A3EBEC2C5E742E0;6014.
 ) 
Here is how much of TeX's memory you used:
 14419 strings out of 474222
 230669 string characters out of 5748732
 1944975 words of memory out of 5000000
 36358 multiletter control sequences out of 15000+600000
 571439 words of font info for 66 fonts, out of 8000000 for 9000
 1141 hyphenation exceptions out of 8191
 75i,9n,79p,2214b,649s stack positions out of 10000i,1000n,20000p,200000b,200000s
</usr/share/texlive/texmf-dist/fonts/type1/public/amsfonts/cm/cmex10.pfb></usr/share/texlive/texmf-dist/fonts/type1/public/amsfonts/cm/cmmi12.pfb></usr/share/texlive/texmf-dist/fonts/type1/public/amsfonts/cm/cmmi6.pfb></usr/share/texlive/texmf-dist/fonts/type1/public/amsfonts/cm/cmmi8.pfb></usr/share/texlive/texmf-dist/fonts/type1/public/amsfonts/cm/cmr12.pfb></usr/share/texlive/texmf-dist/fonts/type1/public/amsfonts/cm/cmr8.pfb></usr/share/texlive/texmf-dist/fonts/type1/public/amsfonts/cm/cmsy10.pfb></usr/share/texlive/texmf-dist/fonts/type1/public/amsfonts/cm/cmsy6.pfb></usr/share/texlive/texmf-dist/fonts/type1/public/amsfonts/cm/cmsy8.pfb></usr/share/texmf/fonts/type1/public/cm-super/sfbx1200.pfb></usr/share/texmf/fonts/type1/public/cm-super/sfbx1440.pfb></usr/share/texmf/fonts/type1/public/cm-super/sfbx1728.pfb></usr/share/texmf/fonts/type1/public/cm-super/sfbx2488.pfb></usr/share/texmf/fonts/type1/public/cm-super/sfrm0800.pfb></usr/share/texmf/fonts/type1/public/cm-super/sfrm1200.pfb></usr/share/texmf/fonts/type1/public/cm-super/sfrm1440.pfb></usr/share/texmf/fonts/type1/public/cm-super/sfrm1728.pfb></usr/share/texmf/fonts/type1/public/cm-super/sfrm2488.pfb></usr/share/texmf/fonts/type1/public/cm-super/sfti1200.pfb>
Output written on main.pdf (33 pages, 1733115 bytes).
PDF statistics:
 591 PDF objects out of 1000 (max. 8388607)
 494 compressed objects within 5 object streams
 112 named destinations out of 1000 (max. 500000)
 238 words of extra memory for PDF output out of 10000 (max. 10000000)

