\BOOKMARK [0][-]{chapter.1}{\376\377\000I\000n\000t\000r\000o\000d\000u\000\347\000\343\000o}{}% 1
\BOOKMARK [1][-]{section.1.1}{\376\377\000M\000o\000t\000i\000v\000a\000\347\000\343\000o\000\040\000e\000\040\000J\000u\000s\000t\000i\000f\000i\000c\000a\000t\000i\000v\000a}{chapter.1}% 2
\BOOKMARK [1][-]{section.1.2}{\376\377\000O\000b\000j\000e\000t\000i\000v\000o\000\040\000G\000e\000r\000a\000l}{chapter.1}% 3
\BOOKMARK [1][-]{section.1.3}{\376\377\000O\000b\000j\000e\000t\000i\000v\000o\000s\000\040\000E\000s\000p\000e\000c\000\355\000f\000i\000c\000o\000s}{chapter.1}% 4
\BOOKMARK [1][-]{section.1.4}{\376\377\000C\000o\000n\000t\000r\000i\000b\000u\000i\000\347\000\365\000e\000s\000\040\000d\000o\000\040\000T\000r\000a\000b\000a\000l\000h\000o}{chapter.1}% 5
\BOOKMARK [1][-]{section.1.5}{\376\377\000O\000r\000g\000a\000n\000i\000z\000a\000\347\000\343\000o\000\040\000d\000o\000\040\000T\000r\000a\000b\000a\000l\000h\000o}{chapter.1}% 6
\BOOKMARK [0][-]{chapter.2}{\376\377\000R\000e\000f\000e\000r\000e\000n\000c\000i\000a\000l\000\040\000T\000e\000\363\000r\000i\000c\000o}{}% 7
\BOOKMARK [1][-]{section.2.1}{\376\377\000D\000e\000t\000e\000r\000m\000i\000n\000a\000n\000t\000e\000s\000\040\000P\000s\000i\000c\000o\000s\000s\000o\000c\000i\000a\000i\000s\000\040\000n\000a\000\040\000E\000s\000c\000o\000l\000h\000a\000\040\000d\000e\000\040\000C\000a\000r\000r\000e\000i\000r\000a}{chapter.2}% 8
\BOOKMARK [2][-]{subsection.2.1.1}{\376\377\000E\000s\000t\000e\000r\000e\000\363\000t\000i\000p\000o\000s\000\040\000d\000e\000\040\000G\000\352\000n\000e\000r\000o\000\040\000e\000\040\000s\000u\000a\000\040\000I\000n\000f\000l\000u\000\352\000n\000c\000i\000a\000\040\000n\000a\000s\000\040\000E\000s\000c\000o\000l\000h\000a\000s\000\040\000A\000c\000a\000d\000\352\000m\000i\000c\000a\000s}{section.2.1}% 9
\BOOKMARK [2][-]{subsection.2.1.2}{\376\377\000F\000a\000t\000o\000r\000e\000s\000\040\000S\000o\000c\000i\000o\000e\000c\000o\000n\000\364\000m\000i\000c\000o\000s\000\040\000e\000\040\000G\000e\000o\000g\000r\000\341\000f\000i\000c\000o\000s\000\040\000n\000a\000\040\000E\000s\000c\000o\000l\000h\000a\000\040\000A\000c\000a\000d\000\352\000m\000i\000c\000a}{section.2.1}% 10
\BOOKMARK [2][-]{subsection.2.1.3}{\376\377\000F\000a\000t\000o\000r\000e\000s\000\040\000F\000a\000m\000i\000l\000i\000a\000r\000e\000s\000\040\000n\000a\000\040\000E\000s\000c\000o\000l\000h\000a\000\040\000A\000c\000a\000d\000\352\000m\000i\000c\000a}{section.2.1}% 11
\BOOKMARK [2][-]{subsection.2.1.4}{\376\377\000F\000a\000t\000o\000r\000e\000s\000\040\000E\000d\000u\000c\000a\000c\000i\000o\000n\000a\000i\000s\000\040\000n\000a\000\040\000E\000s\000c\000o\000l\000h\000a\000\040\000A\000c\000a\000d\000\352\000m\000i\000c\000a}{section.2.1}% 12
\BOOKMARK [1][-]{section.2.2}{\376\377\000A\000n\000\341\000l\000i\000s\000e\000\040\000d\000e\000\040\000D\000a\000d\000o\000s\000\040\000n\000a\000\040\000E\000d\000u\000c\000a\000\347\000\343\000o\000\040\000e\000\040\000E\000s\000t\000u\000d\000o\000s\000\040\000s\000o\000b\000r\000e\000\040\000P\000e\000r\000f\000i\000l\000\040\000d\000e\000\040\000E\000s\000t\000u\000d\000a\000n\000t\000e\000s}{chapter.2}% 13
\BOOKMARK [1][-]{section.2.3}{\376\377\000T\000\351\000c\000n\000i\000c\000a\000s\000\040\000d\000e\000\040\000A\000g\000r\000u\000p\000a\000m\000e\000n\000t\000o\000\040\000c\000o\000m\000o\000\040\000E\000s\000t\000r\000a\000t\000\351\000g\000i\000a\000\040\000d\000e\000\040\000M\000a\000p\000e\000a\000m\000e\000n\000t\000o\000\040\000d\000e\000\040\000P\000e\000r\000f\000i\000s}{chapter.2}% 14
\BOOKMARK [1][-]{section.2.4}{\376\377\000E\000x\000p\000l\000i\000c\000a\000b\000i\000l\000i\000d\000a\000d\000e\000\040\000e\000\040\000I\000n\000t\000e\000r\000p\000r\000e\000t\000a\000b\000i\000l\000i\000d\000a\000d\000e\000\040\000e\000m\000\040\000M\000o\000d\000e\000l\000o\000s\000\040\000d\000e\000\040\000A\000M}{chapter.2}% 15
\BOOKMARK [0][-]{chapter.3}{\376\377\000M\000e\000t\000o\000d\000o\000l\000o\000g\000i\000a}{}% 16
\BOOKMARK [0][-]{chapter.4}{\376\377\000R\000E\000S\000U\000L\000T\000A\000D\000O\000S\000\040\000E\000\040\000D\000I\000S\000C\000U\000S\000S\000\325\000E\000S}{}% 17
\BOOKMARK [1][-]{section.4.1}{\376\377\000C\000a\000r\000a\000c\000t\000e\000r\000i\000z\000a\000\347\000\343\000o\000\040\000d\000a\000\040\000A\000m\000o\000s\000t\000r\000a\000\040\000e\000\040\000A\000n\000\341\000l\000i\000s\000e\000\040\000E\000x\000p\000l\000o\000r\000a\000t\000\363\000r\000i\000a\000\040\000d\000o\000s\000\040\000D\000a\000d\000o\000s}{chapter.4}% 18
\BOOKMARK [2][-]{subsection.4.1.1}{\376\377\000E\000s\000t\000r\000u\000t\000u\000r\000a\000\040\000d\000a\000s\000\040\000p\000e\000r\000g\000u\000n\000t\000a\000s}{section.4.1}% 19
\BOOKMARK [1][-]{section.4.2}{\376\377\000M\000o\000d\000e\000l\000o\000\040\000d\000e\000\040\000C\000l\000a\000s\000s\000i\000f\000i\000c\000a\000\347\000\343\000o\000\040\000e\000\040\000A\000n\000\341\000l\000i\000s\000e\000\040\000d\000a\000s\000\040\000V\000a\000r\000i\000\341\000v\000e\000i\000s\000\040\000m\000a\000i\000s\000\040\000I\000m\000p\000o\000r\000t\000a\000n\000t\000e\000s}{chapter.4}% 20
\BOOKMARK [2][-]{subsection.4.2.1}{\376\377\000a\000n\000a\000l\000i\000s\000e\000\040\000c\000o\000m\000\040\000a\000m\000b\000o\000s\000\040\000o\000s\000\040\000g\000e\000n\000e\000r\000o\000s}{section.4.2}% 21
\BOOKMARK [2][-]{subsection.4.2.2}{\376\377\000A\000n\000\341\000l\000i\000s\000e\000\040\000C\000o\000m\000p\000a\000r\000a\000t\000i\000v\000a\000\040\000p\000o\000r\000\040\000G\000\352\000n\000e\000r\000o\000:\000\040\000M\000o\000d\000e\000l\000o\000s\000\040\000p\000a\000r\000a\000\040\000M\000u\000l\000h\000e\000r\000e\000s\000\040\000e\000\040\000H\000o\000m\000e\000n\000s}{section.4.2}% 22
\BOOKMARK [1][-]{section.4.3}{\376\377\000F\000o\000r\000m\000a\000\347\000\343\000o\000\040\000e\000\040\000I\000n\000t\000e\000r\000p\000r\000e\000t\000a\000\347\000\343\000o\000\040\000d\000o\000s\000\040\000G\000r\000u\000p\000o\000s}{chapter.4}% 23
\BOOKMARK [2][-]{subsection.4.3.1}{\376\377\000C\000o\000n\000s\000t\000r\000u\000\347\000\343\000o\000\040\000d\000a\000\040\000E\000s\000t\000r\000u\000t\000u\000r\000a\000\040\000H\000i\000e\000r\000\341\000r\000q\000u\000i\000c\000a}{section.4.3}% 24
\BOOKMARK [2][-]{subsection.4.3.2}{\376\377\000D\000e\000t\000e\000r\000m\000i\000n\000a\000\347\000\343\000o\000\040\000d\000o\000\040\000N\000\372\000m\000e\000r\000o\000\040\000I\000d\000e\000a\000l\000\040\000d\000e\000\040\000C\000l\000u\000s\000t\000e\000r\000s}{section.4.3}% 25
\BOOKMARK [2][-]{subsection.4.3.3}{\376\377\000E\000s\000t\000r\000u\000t\000u\000r\000a\000\040\000e\000\040\000T\000a\000m\000a\000n\000h\000o\000\040\000d\000o\000s\000\040\000C\000l\000u\000s\000t\000e\000r\000s}{section.4.3}% 26
\BOOKMARK [2][-]{subsection.4.3.4}{\376\377\000I\000n\000t\000e\000r\000p\000r\000e\000t\000a\000\347\000\343\000o\000\040\000d\000o\000s\000\040\000P\000e\000r\000f\000i\000s\000\040\000I\000d\000e\000n\000t\000i\000f\000i\000c\000a\000d\000o\000s}{section.4.3}% 27
\BOOKMARK [2][-]{subsection.4.3.5}{\376\377\000S\000\355\000n\000t\000e\000s\000e\000\040\000I\000n\000t\000e\000r\000p\000r\000e\000t\000a\000t\000i\000v\000a\000\040\000d\000o\000s\000\040\000G\000r\000u\000p\000o\000s}{section.4.3}% 28
\BOOKMARK [2][-]{subsection.4.3.6}{\376\377\000V\000i\000s\000u\000a\000l\000i\000z\000a\000\347\000\343\000o\000\040\000C\000o\000m\000p\000a\000r\000a\000t\000i\000v\000a\000\040\000d\000o\000s\000\040\000P\000e\000r\000f\000i\000s\000\040\000p\000o\000r\000\040\000C\000l\000u\000s\000t\000e\000r}{section.4.3}% 29
\BOOKMARK [0][-]{chapter.5}{\376\377\000C\000O\000N\000S\000I\000D\000E\000R\000A\000\307\000\325\000E\000S\000\040\000F\000I\000N\000A\000I\000S}{}% 30
