This is pdfTeX, Version 3.141592653-2.6-1.40.25 (TeX Live 2023/Debian) (preloaded format=pdflatex)
 restricted \write18 enabled.
entering extended mode
(./main.tex
LaTeX2e <2023-11-01> patch level 1
L3 programming layer <2024-01-22>
(/usr/share/texlive/texmf-dist/tex/latex/base/report.cls
Document Class: report 2023/05/17 v1.4n Standard LaTeX document class
(/usr/share/texlive/texmf-dist/tex/latex/base/size12.clo))
(/usr/share/texlive/texmf-dist/tex/generic/babel/babel.sty
(/usr/share/texlive/texmf-dist/tex/generic/babel/txtbabel.def)
(/usr/share/texlive/texmf-dist/tex/generic/babel-portuges/brazil.ldf))
(/usr/share/texlive/texmf-dist/tex/latex/base/inputenc.sty)
(/usr/share/texlive/texmf-dist/tex/latex/base/fontenc.sty)
(/usr/share/texlive/texmf-dist/tex/latex/amsmath/amsmath.sty
For additional information on amsmath, use the `?' option.
(/usr/share/texlive/texmf-dist/tex/latex/amsmath/amstext.sty
(/usr/share/texlive/texmf-dist/tex/latex/amsmath/amsgen.sty))
(/usr/share/texlive/texmf-dist/tex/latex/amsmath/amsbsy.sty)
(/usr/share/texlive/texmf-dist/tex/latex/amsmath/amsopn.sty))
(/usr/share/texlive/texmf-dist/tex/latex/amsfonts/amssymb.sty
(/usr/share/texlive/texmf-dist/tex/latex/amsfonts/amsfonts.sty))
(/usr/share/texlive/texmf-dist/tex/latex/graphics/graphicx.sty
(/usr/share/texlive/texmf-dist/tex/latex/graphics/keyval.sty)
(/usr/share/texlive/texmf-dist/tex/latex/graphics/graphics.sty
(/usr/share/texlive/texmf-dist/tex/latex/graphics/trig.sty)
(/usr/share/texlive/texmf-dist/tex/latex/graphics-cfg/graphics.cfg)
(/usr/share/texlive/texmf-dist/tex/latex/graphics-def/pdftex.def)))
(/usr/share/texlive/texmf-dist/tex/latex/float/float.sty)
(/usr/share/texlive/texmf-dist/tex/latex/url/url.sty)
(/usr/share/texlive/texmf-dist/tex/latex/caption/caption.sty
(/usr/share/texlive/texmf-dist/tex/latex/caption/caption3.sty))
(/usr/share/texlive/texmf-dist/tex/latex/caption/subcaption.sty)
(/usr/share/texlive/texmf-dist/tex/latex/enumitem/enumitem.sty)
(/usr/share/texlive/texmf-dist/tex/latex/tools/indentfirst.sty)
(/usr/share/texlive/texmf-dist/tex/latex/ragged2e/ragged2e.sty)
(/usr/share/texlive/texmf-dist/tex/latex/setspace/setspace.sty)
(/usr/share/texlive/texmf-dist/tex/latex/tools/array.sty)
(/usr/share/texlive/texmf-dist/tex/latex/geometry/geometry.sty
(/usr/share/texlive/texmf-dist/tex/generic/iftex/ifvtex.sty
(/usr/share/texlive/texmf-dist/tex/generic/iftex/iftex.sty)))
(/usr/share/texlive/texmf-dist/tex/latex/hyperref/hyperref.sty
(/usr/share/texlive/texmf-dist/tex/latex/kvsetkeys/kvsetkeys.sty)
(/usr/share/texlive/texmf-dist/tex/generic/kvdefinekeys/kvdefinekeys.sty)
(/usr/share/texlive/texmf-dist/tex/generic/pdfescape/pdfescape.sty
(/usr/share/texlive/texmf-dist/tex/generic/ltxcmds/ltxcmds.sty)
(/usr/share/texlive/texmf-dist/tex/generic/pdftexcmds/pdftexcmds.sty
(/usr/share/texlive/texmf-dist/tex/generic/infwarerr/infwarerr.sty)))
(/usr/share/texlive/texmf-dist/tex/latex/hycolor/hycolor.sty)
(/usr/share/texlive/texmf-dist/tex/latex/auxhook/auxhook.sty)
(/usr/share/texlive/texmf-dist/tex/latex/hyperref/nameref.sty
(/usr/share/texlive/texmf-dist/tex/latex/refcount/refcount.sty)
(/usr/share/texlive/texmf-dist/tex/generic/gettitlestring/gettitlestring.sty
(/usr/share/texlive/texmf-dist/tex/latex/kvoptions/kvoptions.sty)))
(/usr/share/texlive/texmf-dist/tex/latex/etoolbox/etoolbox.sty)
(/usr/share/texlive/texmf-dist/tex/latex/hyperref/pd1enc.def)
(/usr/share/texlive/texmf-dist/tex/generic/intcalc/intcalc.sty)
(/usr/share/texlive/texmf-dist/tex/latex/hyperref/puenc.def)
(/usr/share/texlive/texmf-dist/tex/generic/bitset/bitset.sty
(/usr/share/texlive/texmf-dist/tex/generic/bigintcalc/bigintcalc.sty))
(/usr/share/texlive/texmf-dist/tex/latex/base/atbegshi-ltx.sty))
(/usr/share/texlive/texmf-dist/tex/latex/hyperref/hpdftex.def
(/usr/share/texlive/texmf-dist/tex/latex/base/atveryend-ltx.sty)
(/usr/share/texlive/texmf-dist/tex/latex/rerunfilecheck/rerunfilecheck.sty
(/usr/share/texlive/texmf-dist/tex/generic/uniquecounter/uniquecounter.sty)))
(/usr/share/texlive/texmf-dist/tex/latex/abntex2/abntex2cite.sty
(/usr/share/texlive/texmf-dist/tex/latex/base/ifthen.sty)
(/usr/share/texlive/texmf-dist/tex/latex/tools/calc.sty)
(/usr/share/texlive/texmf-dist/tex/latex/abntex2/abntex2abrev.sty)
(/usr/share/texlive/texmf-dist/tex/generic/iftex/ifpdf.sty)
(/usr/share/texlive/texmf-dist/tex/generic/iftex/ifxetex.sty)
(/usr/share/texlive/texmf-dist/tex/latex/relsize/relsize.sty))
(/usr/share/texlive/texmf-dist/tex/latex/comment/comment.sty
Excluding comment 'comment')
(/usr/share/texlive/texmf-dist/tex/latex/tools/longtable.sty)
(/usr/share/texlive/texmf-dist/tex/latex/l3backend/l3backend-pdftex.def)
(./main.aux) (/usr/share/texlive/texmf-dist/tex/context/base/mkii/supp-pdf.mkii

[Loading MPS to PDF converter (version 2006.09.02).]
) (/usr/share/texlive/texmf-dist/tex/latex/epstopdf-pkg/epstopdf-base.sty
(/usr/share/texlive/texmf-dist/tex/latex/latexconfig/epstopdf-sys.cfg))
(/usr/share/texlive/texmf-dist/tex/latex/caption/ltcaption.sty)
*geometry* driver: auto-detecting
*geometry* detected driver: pdftex
(./main.out) (./main.out) [1{/var/lib/texmf/fonts/map/pdftex/updmap/pdftex.map}
{/usr/share/texmf/fonts/enc/dvips/cm-super/cm-super-t1.enc}] (./main.toc
(/usr/share/texlive/texmf-dist/tex/latex/amsfonts/umsa.fd)
(/usr/share/texlive/texmf-dist/tex/latex/amsfonts/umsb.fd))
pdfTeX warning (ext4): destination with the same identifier (name{page.1}) has 
been already used, duplicate ignored
<to be read again> 
                   \relax 
l.58 \newpage
              [1]
Cap\'{\i }tulo 1.

LaTeX Warning: Citation `inep2023' on page 2 undefined on input line 66.


LaTeX Warning: Citation `master2021' on page 2 undefined on input line 70.


LaTeX Warning: Citation `hsieh2022' on page 2 undefined on input line 70.


LaTeX Warning: Citation `morales2021' on page 2 undefined on input line 70.


LaTeX Warning: Citation `master2021' on page 2 undefined on input line 70.


LaTeX Warning: Citation `mcguire2022' on page 2 undefined on input line 70.


LaTeX Warning: Citation `silva2022' on page 2 undefined on input line 70.


LaTeX Warning: Citation `inep2023' on page 2 undefined on input line 72.

[2] [3] [4{/usr/share/texmf/fonts/enc/dvips/cm-super/cm-super-ts1.enc}]
[5]
Cap\'{\i }tulo 2.

LaTeX Warning: Citation `inep2023' on page 6 undefined on input line 115.


LaTeX Warning: Citation `master2021' on page 6 undefined on input line 120.


LaTeX Warning: Citation `mcguire2022' on page 6 undefined on input line 124.

[6]

LaTeX Warning: Citation `opps2022' on page 7 undefined on input line 128.


LaTeX Warning: Citation `park2024' on page 7 undefined on input line 132.

[7]

LaTeX Warning: Citation `univasf2021ppc' on page 8 undefined on input line 138.



LaTeX Warning: Citation `gencel2025' on page 8 undefined on input line 143.


LaTeX Warning: Citation `arshad2024' on page 8 undefined on input line 147.

[8]

LaTeX Warning: Citation `morales2021' on page 9 undefined on input line 155.

[9]

LaTeX Warning: Citation `guimaraes2023' on page 10 undefined on input line 161.



LaTeX Warning: Citation `oliveira2023' on page 10 undefined on input line 163.


LaTeX Warning: Citation `schel2025' on page 10 undefined on input line 165.

[10] Excluding 'comment' comment.
Overfull \hbox (4.35973pt too wide) in paragraph at lines 181--181
[]\T1/cmr/bx/n/17.28 Técnicas de Agru-pa-mento como Es-tra-té-gia de Ma-

LaTeX Warning: Citation `han2011datamining' on page 11 undefined on input line 
183.


LaTeX Warning: Citation `han2011datamining' on page 11 undefined on input line 
185.

[11]

LaTeX Warning: Citation `oliveira2022' on page 12 undefined on input line 187.


LaTeX Warning: Citation `martins2021' on page 12 undefined on input line 189.


Overfull \hbox (3.11061pt too wide) in paragraph at lines 191--196
\T1/cmr/m/n/12 TRA-BA-LHO. EX-PLI-CAR A TÉC-NICA UTI-LI-ZADA PARA A ES-CO-LHA D
A QUAN-
[12] [13] [14]

LaTeX Warning: Citation `ElbowSSEArticle' on page 15 undefined on input line 29
9.

Excluding 'comment' comment.
Overfull \hbox (3.14774pt too wide) in alignment at lines 309--315
 [] [] 

Overfull \hbox (3.14774pt too wide) in alignment at lines 315--319
 [] [] 

LaTeX Warning: Citation `miller2024' on page 15 undefined on input line 326.


LaTeX Warning: Citation `master2021' on page 15 undefined on input line 326.


LaTeX Warning: Citation `mcguire2022' on page 15 undefined on input line 326.


LaTeX Warning: Citation `master2023' on page 15 undefined on input line 326.


LaTeX Warning: Citation `emran2020' on page 15 undefined on input line 332.


LaTeX Warning: Citation `liu2024' on page 15 undefined on input line 332.


LaTeX Warning: Citation `bohrnstedt2024' on page 15 undefined on input line 335
.


LaTeX Warning: Citation `menezes2021' on page 15 undefined on input line 338.


LaTeX Warning: Citation `zuniga2024' on page 15 undefined on input line 341.


LaTeX Warning: Citation `tellhed2023' on page 15 undefined on input line 344.


LaTeX Warning: Citation `su2023' on page 15 undefined on input line 347.


LaTeX Warning: Citation `opps2022' on page 15 undefined on input line 350.


LaTeX Warning: Citation `silva2022' on page 15 undefined on input line 353.


LaTeX Warning: Citation `elvirazorzo2025' on page 15 undefined on input line 35
6.


LaTeX Warning: Citation `feige2025' on page 15 undefined on input line 359.


LaTeX Warning: Citation `dulce2022' on page 15 undefined on input line 362.


LaTeX Warning: Citation `mcguire2021' on page 15 undefined on input line 365.


Overfull \hbox (3.14774pt too wide) in alignment at lines 319--368
 [] [] 
[15] [16]

LaTeX Warning: Citation `edps_xai' on page 17 undefined on input line 373.


LaTeX Warning: Citation `edps_xai' on page 17 undefined on input line 375.

[17] [18]
Cap\'{\i }tulo 3.

Overfull \hbox (2.43639pt too wide) in paragraph at lines 408--409
[]\T1/cmr/m/n/12 Antes da aná-lise, os da-dos co-le-ta-dos pas-sa-rão por um pr
o-cesso de pré-processamento,
[19] [20] [21]
Cap\'{\i }tulo 4.

LaTeX Warning: `!h' float specifier changed to `!ht'.


LaTeX Warning: `!h' float specifier changed to `!ht'.


Overfull \hbox (11.18529pt too wide) in alignment at lines 474--479
 [] [] [] [] [] 

Overfull \hbox (11.18529pt too wide) in alignment at lines 479--484
 [] [] [] [] [] 

Underfull \hbox (badness 10000) in paragraph at lines 487--488
[]|\T1/cmr/m/n/12 Seleção

Underfull \hbox (badness 4441) in paragraph at lines 488--489
[]|\T1/cmr/m/n/12 Masculino; Fe-

Underfull \hbox (badness 10000) in paragraph at lines 493--494
[]|\T1/cmr/m/n/12 Seleção

Overfull \hbox (19.84235pt too wide) in paragraph at lines 495--496
[]|\T1/cmr/m/n/12 universityType|  

Underfull \hbox (badness 10000) in paragraph at lines 499--500
[]|\T1/cmr/m/n/12 Seleção

Underfull \hbox (badness 2111) in paragraph at lines 500--501
[]|\T1/cmr/m/n/12 Exatas; Hu-ma-

Underfull \hbox (badness 1043) in paragraph at lines 500--501
\T1/cmr/m/n/12 nas; Bi-o-ló-gi-cas;

Overfull \hbox (39.49736pt too wide) in paragraph at lines 501--502
[]|\T1/cmr/m/n/12 courseAreaGeneral|  

Overfull \hbox (4.82803pt too wide) in paragraph at lines 507--508
[]|\T1/cmr/m/n/12 courseName|  

Underfull \hbox (badness 10000) in paragraph at lines 511--512
[]|\T1/cmr/m/n/12 Seleção

Underfull \hbox (badness 2027) in paragraph at lines 512--513
[]|\T1/cmr/m/n/12 Fund. in-com-

Underfull \hbox (badness 10000) in paragraph at lines 512--513
\T1/cmr/m/n/12 pleto; Fund.

Underfull \hbox (badness 6708) in paragraph at lines 512--513
\T1/cmr/m/n/12 com-pleto; Mé-

Underfull \hbox (badness 10000) in paragraph at lines 512--513
\T1/cmr/m/n/12 dio; Su-pe-rior;

Overfull \hbox (33.05583pt too wide) in paragraph at lines 513--514
[]|\T1/cmr/m/n/12 parentsEducation|  

Underfull \hbox (badness 10000) in paragraph at lines 517--518
[]|\T1/cmr/m/n/12 Seleção

Overfull \hbox (1.1094pt too wide) in paragraph at lines 518--519
[]|\T1/cmr/m/n/12 Pública/Pública;

Underfull \hbox (badness 10000) in paragraph at lines 518--519
\T1/cmr/m/n/12 Pri-

Underfull \hbox (badness 10000) in paragraph at lines 518--519
\T1/cmr/m/n/12 vada/Privada;

Underfull \hbox (badness 10000) in paragraph at lines 518--519
\T1/cmr/m/n/12 Pú-

Underfull \hbox (badness 10000) in paragraph at lines 518--519
\T1/cmr/m/n/12 blica/Privada;

Overfull \hbox (28.32635pt too wide) in paragraph at lines 519--520
[]|\T1/cmr/m/n/12 basicSchoolType|  

Underfull \hbox (badness 10000) in paragraph at lines 523--524
[]|\T1/cmr/m/n/12 Seleção

Overfull \hbox (60.62682pt too wide) in paragraph at lines 525--526
[]|\T1/cmr/m/n/12 childhoodHobbiesTime|  

Underfull \hbox (badness 10000) in paragraph at lines 529--530
[]|\T1/cmr/m/n/12 Múltipla

Underfull \hbox (badness 10000) in paragraph at lines 530--531
[]|\T1/cmr/m/n/12 Lista se-le-ci-o-

Overfull \hbox (68.12769pt too wide) in paragraph at lines 531--532
[]|\T1/cmr/m/n/12 childhoodMainActivities|  

Overfull \hbox (11.18529pt too wide) in alignment at lines 484--534
 [] [] [] [] [] 
[22 <./graficos_exploratoria/grafico_gender.png>] [23 <./graficos_exploratoria/
grafico_coursename.png> <./graficos_exploratoria/grafico_courseareageneral.png>
]

LaTeX Warning: `!h' float specifier changed to `!ht'.


LaTeX Warning: `!h' float specifier changed to `!ht'.


LaTeX Warning: `!h' float specifier changed to `!ht'.


LaTeX Warning: `!h' float specifier changed to `!ht'.


LaTeX Warning: `!h' float specifier changed to `!ht'.


LaTeX Warning: `!h' float specifier changed to `!ht'.


LaTeX Warning: `!h' float specifier changed to `!ht'.


LaTeX Warning: `!h' float specifier changed to `!ht'.


LaTeX Warning: `!h' float specifier changed to `!ht'.


LaTeX Warning: `!h' float specifier changed to `!ht'.


LaTeX Warning: `!h' float specifier changed to `!ht'.


LaTeX Warning: `!h' float specifier changed to `!ht'.

[24] [25 <./geral_stem/shap_geral_gender_stem.png> <./geral_stem/dendrograma_ge
ral_gender_stem.png>] [26 <./geral_stem/cotovelo_geral_gender_stem.png>]
[27 <./geral_stem/aranha_geral_gender_stem.png> <./feminino_stem/shap_feminino_
future_stem.png>] [28 <./feminino_stem/dendrograma_feminino_future_stem.png> <.
/feminino_stem/cotovelo_feminino_future_stem.png>] [29 <./feminino_stem/aranha_
feminino_future_stem.png> <./masculino_stem/shap_masculino_future_stem.png>]
[30 <./masculino_stem/dendrograma_masculino_future_stem.png> <./masculino_stem/
cotovelo_masculino_future_stem.png>] [31 <./masculino_stem/aranha_masculino_fut
ure_stem.png>]
Cap\'{\i }tulo 5.
(./main.bbl [32] [33] [34]) [35] (./main.aux)

LaTeX Warning: There were undefined references.


LaTeX Warning: Label(s) may have changed. Rerun to get cross-references right.

 )
(see the transcript file for additional information)</usr/share/texlive/texmf-d
ist/fonts/type1/public/amsfonts/cm/cmex10.pfb></usr/share/texlive/texmf-dist/fo
nts/type1/public/amsfonts/cm/cmmi12.pfb></usr/share/texlive/texmf-dist/fonts/ty
pe1/public/amsfonts/cm/cmmi6.pfb></usr/share/texlive/texmf-dist/fonts/type1/pub
lic/amsfonts/cm/cmmi8.pfb></usr/share/texlive/texmf-dist/fonts/type1/public/ams
fonts/cm/cmr12.pfb></usr/share/texlive/texmf-dist/fonts/type1/public/amsfonts/c
m/cmr8.pfb></usr/share/texlive/texmf-dist/fonts/type1/public/amsfonts/cm/cmsy10
.pfb></usr/share/texlive/texmf-dist/fonts/type1/public/amsfonts/cm/cmsy6.pfb></
usr/share/texlive/texmf-dist/fonts/type1/public/amsfonts/cm/cmsy8.pfb></usr/sha
re/texmf/fonts/type1/public/cm-super/sfbx1200.pfb></usr/share/texmf/fonts/type1
/public/cm-super/sfbx1440.pfb></usr/share/texmf/fonts/type1/public/cm-super/sfb
x1728.pfb></usr/share/texmf/fonts/type1/public/cm-super/sfbx2488.pfb></usr/shar
e/texmf/fonts/type1/public/cm-super/sfrm0800.pfb></usr/share/texmf/fonts/type1/
public/cm-super/sfrm1200.pfb></usr/share/texmf/fonts/type1/public/cm-super/sfrm
1440.pfb></usr/share/texmf/fonts/type1/public/cm-super/sfrm1728.pfb></usr/share
/texmf/fonts/type1/public/cm-super/sfrm2488.pfb></usr/share/texmf/fonts/type1/p
ublic/cm-super/sfti1200.pfb>
Output written on main.pdf (36 pages, 2787050 bytes).
Transcript written on main.log.
